2015-05-20 16:43:36,557 [               Game.java:main:101] - First letterA
2015-05-20 16:43:38,433 [               Game.java:main:116] - RealPlayer 0 inserted null
2015-05-20 16:43:38,433 [               Game.java:main:117] - RealPlayer 0lose, removed from game
2015-05-20 16:43:38,434 [               Game.java:main:129] - AIPlayer 0 inserted AULT
2015-05-20 16:43:38,435 [               Game.java:main:129] - AIPlayer 1 inserted TOWAOC
2015-05-20 16:43:38,435 [               Game.java:main:129] - AIPlayer 2 inserted CASTLE ROCK
2015-05-20 16:43:38,436 [               Game.java:main:129] - AIPlayer 3 inserted KIT CARSON
2015-05-20 16:43:38,436 [               Game.java:main:129] - AIPlayer 4 inserted NEW RAYMER
2015-05-20 16:43:38,436 [               Game.java:main:129] - AIPlayer 0 inserted ROGGEN
2015-05-20 16:43:38,436 [               Game.java:main:129] - AIPlayer 1 inserted NATURITA
2015-05-20 16:43:38,437 [               Game.java:main:129] - AIPlayer 2 inserted AUSTIN
2015-05-20 16:43:38,437 [               Game.java:main:129] - AIPlayer 3 inserted NIWOT
2015-05-20 16:43:38,437 [               Game.java:main:129] - AIPlayer 4 inserted TRINCHERA
2015-05-20 16:43:38,437 [               Game.java:main:129] - AIPlayer 0 inserted ASPEN
2015-05-20 16:43:38,437 [               Game.java:main:129] - AIPlayer 1 inserted NEW CASTLE
2015-05-20 16:43:38,438 [               Game.java:main:129] - AIPlayer 2 inserted ENGLEWOOD
2015-05-20 16:43:38,439 [               Game.java:main:129] - AIPlayer 3 inserted DRAKE
2015-05-20 16:43:38,439 [               Game.java:main:129] - AIPlayer 4 inserted EASTLAKE
2015-05-20 16:43:38,440 [               Game.java:main:129] - AIPlayer 0 inserted EVERGREEN
2015-05-20 16:43:38,440 [               Game.java:main:129] - AIPlayer 1 inserted NORWOOD
2015-05-20 16:43:38,440 [               Game.java:main:129] - AIPlayer 2 inserted DE BEQUE
2015-05-20 16:43:38,440 [               Game.java:main:129] - AIPlayer 3 inserted EATON
2015-05-20 16:43:38,441 [               Game.java:main:129] - AIPlayer 4 inserted NUCLA
2015-05-20 16:43:38,441 [               Game.java:main:129] - AIPlayer 0 inserted ARVADA
2015-05-20 16:43:38,441 [               Game.java:main:129] - AIPlayer 1 inserted ATWOOD
2015-05-20 16:43:38,441 [               Game.java:main:129] - AIPlayer 2 inserted DELTA
2015-05-20 16:43:38,442 [               Game.java:main:129] - AIPlayer 3 inserted ALMONT
2015-05-20 16:43:38,442 [               Game.java:main:129] - AIPlayer 4 inserted TABERNASH
2015-05-20 16:43:38,442 [               Game.java:main:129] - AIPlayer 0 inserted HASTY
2015-05-20 16:43:38,443 [               Game.java:main:129] - AIPlayer 1 inserted YODER
2015-05-20 16:43:38,443 [               Game.java:main:129] - AIPlayer 2 inserted RIDGWAY
2015-05-20 16:43:38,443 [               Game.java:main:129] - AIPlayer 3 inserted YELLOW JACKET
2015-05-20 16:43:38,443 [               Game.java:main:129] - AIPlayer 4 inserted TRINIDAD
2015-05-20 16:43:38,443 [               Game.java:main:129] - AIPlayer 0 inserted DIVIDE
2015-05-20 16:43:38,443 [               Game.java:main:129] - AIPlayer 1 inserted ELBERT
2015-05-20 16:43:38,443 [               Game.java:main:129] - AIPlayer 2 inserted TWIN LAKES
2015-05-20 16:43:38,444 [               Game.java:main:129] - AIPlayer 3 inserted SEVERANCE
2015-05-20 16:43:38,444 [               Game.java:main:129] - AIPlayer 4 inserted EADS
2015-05-20 16:43:38,444 [               Game.java:main:129] - AIPlayer 0 inserted SHAWNEE
2015-05-20 16:43:38,444 [               Game.java:main:129] - AIPlayer 1 inserted ELIZABETH
2015-05-20 16:43:38,444 [               Game.java:main:129] - AIPlayer 2 inserted HENDERSON
2015-05-20 16:43:38,444 [               Game.java:main:129] - AIPlayer 3 inserted NUNN
2015-05-20 16:43:38,444 [               Game.java:main:129] - AIPlayer 4 inserted NATHROP
2015-05-20 16:43:38,444 [               Game.java:main:129] - AIPlayer 0 inserted PONCHA SPRINGS
2015-05-20 16:43:38,445 [               Game.java:main:129] - AIPlayer 1 inserted STRATTON
2015-05-20 16:43:38,445 [               Game.java:main:129] - AIPlayer 2 inserted NEDERLAND
2015-05-20 16:43:38,445 [               Game.java:main:129] - AIPlayer 3 inserted DEL NORTE
2015-05-20 16:43:38,445 [               Game.java:main:129] - AIPlayer 4 inserted EDWARDS
2015-05-20 16:43:38,445 [               Game.java:main:129] - AIPlayer 0 inserted SNOWMASS VILLAGE
2015-05-20 16:43:38,445 [               Game.java:main:129] - AIPlayer 1 inserted ELDORADO SPRINGS
2015-05-20 16:43:38,445 [               Game.java:main:129] - AIPlayer 2 inserted SILVERTHORNE
2015-05-20 16:43:38,445 [               Game.java:main:129] - AIPlayer 3 inserted ERIE
2015-05-20 16:43:38,446 [               Game.java:main:129] - AIPlayer 4 inserted EAGLE
2015-05-20 16:43:38,446 [               Game.java:main:129] - AIPlayer 0 inserted ECKERT
2015-05-20 16:43:38,446 [               Game.java:main:129] - AIPlayer 1 inserted TELLURIDE
2015-05-20 16:43:38,446 [               Game.java:main:129] - AIPlayer 2 inserted ECKLEY
2015-05-20 16:43:38,446 [               Game.java:main:129] - AIPlayer 3 inserted YUMA
2015-05-20 16:43:38,446 [               Game.java:main:129] - AIPlayer 4 inserted ALLENSPARK
2015-05-20 16:43:38,446 [               Game.java:main:129] - AIPlayer 0 inserted KERSEY
2015-05-20 16:43:38,447 [               Game.java:main:129] - AIPlayer 1 inserted YAMPA
2015-05-20 16:43:38,447 [               Game.java:main:129] - AIPlayer 2 inserted AURORA
2015-05-20 16:43:38,447 [               Game.java:main:129] - AIPlayer 3 inserted AKRON
2015-05-20 16:43:38,447 [               Game.java:main:135] - AIPlayer 4lose, removed from game
2015-05-20 16:43:38,448 [               Game.java:main:135] - AIPlayer 0lose, removed from game
2015-05-20 16:43:38,448 [               Game.java:main:135] - AIPlayer 1lose, removed from game
2015-05-20 16:43:38,448 [               Game.java:main:135] - AIPlayer 2lose, removed from game
2015-05-20 16:43:38,448 [               Game.java:main:135] - AIPlayer 3lose, removed from game
2015-05-20 16:46:50,823 [               Game.java:main:101] - First letterA
2015-05-20 16:46:52,608 [               Game.java:main:116] - RealPlayer 0 inserted null
2015-05-20 16:46:52,609 [               Game.java:main:117] - RealPlayer 0lose, removed from game
2015-05-20 16:46:52,609 [               Game.java:main:129] - AIPlayer 0 inserted ARVADA
2015-05-20 16:46:52,613 [               Game.java:main:129] - AIPlayer 1 inserted ALAMOSA
2015-05-20 16:46:52,613 [               Game.java:main:129] - AIPlayer 2 inserted AGUILAR
2015-05-20 16:46:52,613 [               Game.java:main:129] - AIPlayer 3 inserted RUSH
2015-05-20 16:46:52,614 [               Game.java:main:129] - AIPlayer 0 inserted HAYDEN
2015-05-20 16:46:52,614 [               Game.java:main:129] - AIPlayer 1 inserted NATURITA
2015-05-20 16:46:52,614 [               Game.java:main:129] - AIPlayer 2 inserted ALLENSPARK
2015-05-20 16:46:52,614 [               Game.java:main:129] - AIPlayer 3 inserted KIRK
2015-05-20 16:46:52,614 [               Game.java:main:129] - AIPlayer 0 inserted KIOWA
2015-05-20 16:46:52,615 [               Game.java:main:129] - AIPlayer 1 inserted AURORA
2015-05-20 16:46:52,615 [               Game.java:main:129] - AIPlayer 2 inserted ALMONT
2015-05-20 16:46:52,615 [               Game.java:main:129] - AIPlayer 3 inserted TIMNATH
2015-05-20 16:46:52,615 [               Game.java:main:129] - AIPlayer 0 inserted HOLLY
2015-05-20 16:46:52,616 [               Game.java:main:129] - AIPlayer 1 inserted YAMPA
2015-05-20 16:46:52,616 [               Game.java:main:129] - AIPlayer 2 inserted ATWOOD
2015-05-20 16:46:52,616 [               Game.java:main:129] - AIPlayer 3 inserted DELTA
2015-05-20 16:46:52,617 [               Game.java:main:129] - AIPlayer 0 inserted ALMA
2015-05-20 16:46:52,617 [               Game.java:main:129] - AIPlayer 1 inserted ARRIBA
2015-05-20 16:46:52,617 [               Game.java:main:129] - AIPlayer 2 inserted ASPEN
2015-05-20 16:46:52,617 [               Game.java:main:129] - AIPlayer 3 inserted NATHROP
2015-05-20 16:46:52,617 [               Game.java:main:129] - AIPlayer 0 inserted PLEASANT VIEW
2015-05-20 16:46:52,617 [               Game.java:main:129] - AIPlayer 1 inserted WATKINS
2015-05-20 16:46:52,617 [               Game.java:main:129] - AIPlayer 2 inserted STRATTON
2015-05-20 16:46:52,618 [               Game.java:main:129] - AIPlayer 3 inserted NUCLA
2015-05-20 16:46:52,618 [               Game.java:main:129] - AIPlayer 0 inserted AULT
2015-05-20 16:46:52,618 [               Game.java:main:129] - AIPlayer 1 inserted TWIN LAKES
2015-05-20 16:46:52,619 [               Game.java:main:129] - AIPlayer 2 inserted SALIDA
2015-05-20 16:46:52,619 [               Game.java:main:129] - AIPlayer 3 inserted AUSTIN
2015-05-20 16:46:52,619 [               Game.java:main:129] - AIPlayer 0 inserted NEDERLAND
2015-05-20 16:46:52,619 [               Game.java:main:129] - AIPlayer 1 inserted DEER TRAIL
2015-05-20 16:46:52,619 [               Game.java:main:129] - AIPlayer 2 inserted LA SALLE
2015-05-20 16:46:52,619 [               Game.java:main:129] - AIPlayer 3 inserted ECKERT
2015-05-20 16:46:52,619 [               Game.java:main:129] - AIPlayer 0 inserted TELLURIDE
2015-05-20 16:46:52,620 [               Game.java:main:129] - AIPlayer 1 inserted ERIE
2015-05-20 16:46:52,620 [               Game.java:main:129] - AIPlayer 2 inserted EAGLE
2015-05-20 16:46:52,620 [               Game.java:main:129] - AIPlayer 3 inserted ELIZABETH
2015-05-20 16:46:52,620 [               Game.java:main:129] - AIPlayer 0 inserted HASTY
2015-05-20 16:46:52,620 [               Game.java:main:129] - AIPlayer 1 inserted YUMA
2015-05-20 16:46:52,620 [               Game.java:main:129] - AIPlayer 2 inserted ARAPAHOE
2015-05-20 16:46:52,620 [               Game.java:main:129] - AIPlayer 3 inserted ECKLEY
2015-05-20 16:46:52,620 [               Game.java:main:129] - AIPlayer 0 inserted YODER
2015-05-20 16:46:52,620 [               Game.java:main:129] - AIPlayer 1 inserted ROGGEN
2015-05-20 16:46:52,621 [               Game.java:main:129] - AIPlayer 2 inserted NEW CASTLE
2015-05-20 16:46:52,621 [               Game.java:main:129] - AIPlayer 3 inserted EVERGREEN
2015-05-20 16:46:52,621 [               Game.java:main:129] - AIPlayer 0 inserted NUNN
2015-05-20 16:46:52,621 [               Game.java:main:129] - AIPlayer 1 inserted NIWOT
2015-05-20 16:46:52,621 [               Game.java:main:129] - AIPlayer 2 inserted TABERNASH
2015-05-20 16:46:52,621 [               Game.java:main:129] - AIPlayer 3 inserted HENDERSON
2015-05-20 16:46:52,621 [               Game.java:main:129] - AIPlayer 0 inserted NEW RAYMER
2015-05-20 16:46:52,622 [               Game.java:main:129] - AIPlayer 1 inserted RIDGWAY
2015-05-20 16:46:52,622 [               Game.java:main:129] - AIPlayer 2 inserted YELLOW JACKET
2015-05-20 16:46:52,622 [               Game.java:main:129] - AIPlayer 3 inserted TRINCHERA
2015-05-20 16:46:52,622 [               Game.java:main:129] - AIPlayer 0 inserted AVON
2015-05-20 16:46:52,622 [               Game.java:main:129] - AIPlayer 1 inserted NORWOOD
2015-05-20 16:46:52,622 [               Game.java:main:129] - AIPlayer 2 inserted DUPONT
2015-05-20 16:46:52,622 [               Game.java:main:129] - AIPlayer 3 inserted TOWAOC
2015-05-20 16:46:52,622 [               Game.java:main:129] - AIPlayer 0 inserted CALHAN
2015-05-20 16:46:52,623 [               Game.java:main:135] - AIPlayer 1lose, removed from game
2015-05-20 16:46:52,623 [               Game.java:main:135] - AIPlayer 2lose, removed from game
2015-05-20 16:46:52,623 [               Game.java:main:135] - AIPlayer 3lose, removed from game
